TN:
SF:src/infra/repositories/fakes/TasksInMemory.repository.ts
FN:4,TasksRepositoryInMemory
FN:7,create
FN:20,getTaskByUser
FNF:3
FNH:3
FNDA:2,TasksRepositoryInMemory
FNDA:2,create
FNDA:1,getTaskByUser
DA:1,1
DA:2,1
DA:3,1
DA:4,2
DA:5,2
DA:6,2
DA:7,2
DA:8,2
DA:9,2
DA:10,2
DA:11,2
DA:12,2
DA:13,2
DA:14,2
DA:15,2
DA:16,2
DA:17,2
DA:18,2
DA:19,2
DA:20,2
DA:21,1
DA:22,1
DA:23,2
DA:24,2
DA:25,2
DA:26,2
DA:27,2
DA:28,2
DA:29,2
DA:30,2
DA:31,2
DA:32,2
DA:33,2
DA:34,2
DA:35,2
LF:35
LH:35
BRDA:4,0,0,2
BRDA:7,1,0,2
BRDA:20,2,0,1
BRDA:21,3,0,1
BRF:4
BRH:4
end_of_record
TN:
SF:src/infra/repositories/fakes/UsersInMemory.repository.ts
FN:5,UsersRepositoryInMemory
FN:8,create
FN:17,exists
FN:21,getUserInfo
FN:25,findUserById
FN:29,update
FN:41,deleteUserById
FNF:7
FNH:7
FNDA:6,UsersRepositoryInMemory
FNDA:6,create
FNDA:10,exists
FNDA:4,getUserInfo
FNDA:2,findUserById
FNDA:1,update
FNDA:1,deleteUserById
DA:1,1
DA:2,1
DA:3,1
DA:4,1
DA:5,6
DA:6,6
DA:7,6
DA:8,6
DA:9,6
DA:10,6
DA:11,6
DA:12,6
DA:13,6
DA:14,6
DA:15,6
DA:16,6
DA:17,6
DA:18,10
DA:19,10
DA:20,6
DA:21,6
DA:22,4
DA:23,4
DA:24,6
DA:25,6
DA:26,2
DA:27,2
DA:28,6
DA:29,6
DA:30,1
DA:31,1
DA:32,1
DA:33,1
DA:34,1
DA:35,0
DA:36,0
DA:37,1
DA:38,1
DA:39,1
DA:40,6
DA:41,6
DA:42,1
DA:43,1
DA:44,1
DA:45,6
LF:45
LH:43
BRDA:5,0,0,6
BRDA:8,1,0,6
BRDA:17,2,0,10
BRDA:18,3,0,4
BRDA:21,4,0,4
BRDA:22,5,0,4
BRDA:25,6,0,2
BRDA:26,7,0,1
BRDA:29,8,0,1
BRDA:30,9,0,1
BRDA:32,10,0,0
BRDA:34,11,0,0
BRDA:38,12,0,1
BRDA:41,13,0,1
BRDA:42,14,0,1
BRF:15
BRH:13
end_of_record
TN:
SF:src/infra/repositories/postgres/Tasks.repository.ts
FN:4,TasksRepository
FN:7,create
FN:11,getTaskInfo
FN:15,getTaskByUser
FN:26,deleteTaskById
FNF:5
FNH:0
FNDA:0,TasksRepository
FNDA:0,create
FNDA:0,getTaskInfo
FNDA:0,getTaskByUser
FNDA:0,deleteTaskById
DA:1,1
DA:2,1
DA:3,1
DA:4,0
DA:5,0
DA:6,0
DA:7,0
DA:8,0
DA:9,0
DA:10,0
DA:11,0
DA:12,0
DA:13,0
DA:14,0
DA:15,0
DA:16,0
DA:17,0
DA:18,0
DA:19,0
DA:20,0
DA:21,0
DA:22,0
DA:23,0
DA:24,0
DA:25,0
DA:26,0
DA:27,0
DA:28,0
DA:29,0
LF:29
LH:3
BRF:0
BRH:0
end_of_record
TN:
SF:src/infra/repositories/postgres/User.repository.ts
FN:7,UsersRepository
FN:10,create
FN:14,exists
FN:21,getUserInfo
FN:27,findUserById
FN:34,update
FN:43,deleteUserById
FNF:7
FNH:0
FNDA:0,UsersRepository
FNDA:0,create
FNDA:0,exists
FNDA:0,getUserInfo
FNDA:0,findUserById
FNDA:0,update
FNDA:0,deleteUserById
DA:1,1
DA:2,1
DA:3,1
DA:4,1
DA:5,1
DA:6,1
DA:7,0
DA:8,0
DA:9,0
DA:10,0
DA:11,0
DA:12,0
DA:13,0
DA:14,0
DA:15,0
DA:16,0
DA:17,0
DA:18,0
DA:19,0
DA:20,0
DA:21,0
DA:22,0
DA:23,0
DA:24,0
DA:25,0
DA:26,0
DA:27,0
DA:28,0
DA:29,0
DA:30,0
DA:31,0
DA:32,0
DA:33,0
DA:34,0
DA:35,0
DA:36,0
DA:37,0
DA:38,0
DA:39,0
DA:40,0
DA:41,0
DA:42,0
DA:43,0
DA:44,0
DA:45,0
DA:46,0
LF:46
LH:6
BRF:0
BRH:0
end_of_record
TN:
SF:src/infra/repositories/postgres/data-source.ts
FNF:0
FNH:0
DA:1,1
DA:2,1
DA:3,1
DA:4,1
DA:5,1
DA:6,1
LF:6
LH:6
BRF:0
BRH:0
end_of_record
TN:
SF:src/infra/repositories/postgres/typeorm.config.ts
FNF:0
FNH:0
DA:1,1
DA:2,1
DA:3,1
DA:4,1
DA:5,1
DA:6,1
DA:7,1
DA:8,1
DA:9,1
DA:10,1
DA:11,1
DA:12,1
DA:13,1
DA:14,1
LF:14
LH:14
BRF:0
BRH:0
end_of_record
TN:
SF:src/infra/tasks/modules/createTask/createTask.service.ts
FN:12,CreateTaskService
FN:19,execute
FNF:2
FNH:2
FNDA:2,CreateTaskService
FNDA:3,execute
DA:1,1
DA:2,1
DA:3,1
DA:4,1
DA:5,1
DA:6,1
DA:7,1
DA:8,1
DA:9,1
DA:10,1
DA:11,1
DA:12,1
DA:13,2
DA:14,2
DA:15,2
DA:16,2
DA:17,2
DA:18,1
DA:19,1
DA:20,3
DA:21,3
DA:22,2
DA:23,2
DA:24,2
DA:25,2
DA:26,2
DA:27,1
LF:27
LH:27
BRDA:12,0,0,2
BRDA:19,1,0,3
BRDA:21,2,0,2
BRDA:21,3,0,1
BRF:4
BRH:4
end_of_record
TN:
SF:src/infra/tasks/modules/getTaskByUser/getTaskByUser.service.ts
FN:8,GetTaskByUserService
FN:13,execute
FNF:2
FNH:2
FNDA:1,GetTaskByUserService
FNDA:1,execute
DA:1,1
DA:2,1
DA:3,1
DA:4,1
DA:5,1
DA:6,1
DA:7,1
DA:8,1
DA:9,1
DA:10,1
DA:11,1
DA:12,1
DA:13,1
DA:14,1
DA:15,1
DA:16,1
LF:16
LH:16
BRDA:8,0,0,1
BRDA:13,1,0,1
BRF:2
BRH:2
end_of_record
TN:
SF:src/infra/users/modules/createUser/createUser.service.ts
FN:11,CreateUserService
FN:16,execute
FNF:2
FNH:2
FNDA:6,CreateUserService
FNDA:7,execute
DA:1,1
DA:2,1
DA:3,1
DA:4,1
DA:5,1
DA:6,1
DA:7,1
DA:8,1
DA:9,1
DA:10,1
DA:11,1
DA:12,6
DA:13,6
DA:14,6
DA:15,1
DA:16,1
DA:17,7
DA:18,7
DA:19,7
DA:20,7
DA:21,0
DA:22,0
DA:23,0
DA:24,7
DA:25,7
DA:26,7
DA:27,7
DA:28,1
DA:29,1
DA:30,6
DA:31,6
DA:32,1
DA:33,1
LF:33
LH:30
BRDA:11,0,0,6
BRDA:16,1,0,7
BRDA:20,2,0,0
BRDA:27,3,0,6
BRDA:27,4,0,1
BRF:5
BRH:4
end_of_record
TN:
SF:src/infra/users/modules/deleteUser/deleteUser.service.ts
FN:7,DeleteUserService
FN:12,executeDelete
FNF:2
FNH:2
FNDA:1,DeleteUserService
FNDA:2,executeDelete
DA:1,1
DA:2,1
DA:3,1
DA:4,1
DA:5,1
DA:6,1
DA:7,1
DA:8,1
DA:9,1
DA:10,1
DA:11,1
DA:12,1
DA:13,2
DA:14,2
DA:15,1
DA:16,1
DA:17,1
DA:18,1
DA:19,1
DA:20,1
DA:21,1
DA:22,1
DA:23,1
LF:23
LH:23
BRDA:7,0,0,1
BRDA:12,1,0,2
BRDA:14,2,0,1
BRF:3
BRH:3
end_of_record
TN:
SF:src/infra/users/modules/getUser/getUser.service.ts
FN:9,GetUserService
FN:14,execute
FNF:2
FNH:2
FNDA:4,GetUserService
FNDA:1,execute
DA:1,1
DA:2,1
DA:3,1
DA:4,1
DA:5,1
DA:6,1
DA:7,1
DA:8,1
DA:9,1
DA:10,4
DA:11,4
DA:12,4
DA:13,1
DA:14,1
DA:15,1
DA:16,1
DA:17,1
DA:18,1
DA:19,1
DA:20,1
LF:20
LH:20
BRDA:9,0,0,4
BRDA:14,1,0,1
BRDA:16,2,0,0
BRF:3
BRH:2
end_of_record
TN:
SF:src/infra/users/modules/updateUser/updateUser.service.ts
FN:9,UpdateUserService
FN:14,execute
FNF:2
FNH:2
FNDA:1,UpdateUserService
FNDA:2,execute
DA:1,1
DA:2,1
DA:3,1
DA:4,1
DA:5,1
DA:6,1
DA:7,1
DA:8,1
DA:9,1
DA:10,1
DA:11,1
DA:12,1
DA:13,1
DA:14,1
DA:15,2
DA:16,2
DA:17,1
DA:18,1
DA:19,2
DA:20,1
DA:21,1
DA:22,1
DA:23,1
DA:24,1
LF:24
LH:24
BRDA:9,0,0,1
BRDA:14,1,0,2
BRDA:16,2,0,1
BRDA:19,3,0,0
BRDA:20,4,0,1
BRDA:18,5,0,1
BRF:6
BRH:5
end_of_record
TN:
SF:src/shared/typeorm/entities/Task.model.ts
FN:31,Task
FN:39,create
FN:19,Object.<anonymous>.__decorate.onDelete
FNF:3
FNH:2
FNDA:2,Task
FNDA:2,create
FNDA:0,Object.<anonymous>.__decorate.onDelete
DA:1,1
DA:2,1
DA:3,1
DA:4,1
DA:5,1
DA:6,1
DA:7,1
DA:8,1
DA:9,1
DA:10,1
DA:11,1
DA:12,1
DA:13,1
DA:14,1
DA:15,1
DA:16,1
DA:17,1
DA:18,1
DA:19,1
DA:20,1
DA:21,1
DA:22,1
DA:23,1
DA:24,1
DA:25,1
DA:26,1
DA:27,1
DA:28,1
DA:29,1
DA:30,1
DA:31,1
DA:32,2
DA:33,2
DA:34,2
DA:35,2
DA:36,2
DA:37,2
DA:38,1
DA:39,1
DA:40,2
DA:41,2
DA:42,1
LF:42
LH:42
BRDA:31,0,0,2
BRDA:33,1,0,0
BRDA:34,2,0,0
BRDA:35,3,0,0
BRDA:39,4,0,2
BRF:5
BRH:2
end_of_record
TN:
SF:src/shared/typeorm/entities/User.model.ts
FN:40,User
FN:48,create
FNF:2
FNH:2
FNDA:7,User
FNDA:7,create
DA:1,1
DA:2,1
DA:3,1
DA:4,1
DA:5,1
DA:6,1
DA:7,1
DA:8,1
DA:9,1
DA:10,1
DA:11,1
DA:12,1
DA:13,1
DA:14,1
DA:15,1
DA:16,1
DA:17,1
DA:18,1
DA:19,1
DA:20,1
DA:21,1
DA:22,1
DA:23,1
DA:24,1
DA:25,1
DA:26,1
DA:27,1
DA:28,1
DA:29,1
DA:30,1
DA:31,1
DA:32,1
DA:33,1
DA:34,1
DA:35,1
DA:36,1
DA:37,1
DA:38,1
DA:39,1
DA:40,1
DA:41,7
DA:42,7
DA:43,7
DA:44,7
DA:45,7
DA:46,7
DA:47,1
DA:48,1
DA:49,7
DA:50,7
DA:51,1
LF:51
LH:51
BRDA:40,0,0,7
BRDA:42,1,0,0
BRDA:43,2,0,0
BRDA:44,3,0,0
BRDA:48,4,0,7
BRF:5
BRH:2
end_of_record
